<?xml version="1.0" encoding="UTF-8"?>
<!-- Generated by org.testng.reporters.JUnitXMLReporter -->
<testsuite hostname="LAPTOP-T7TGHABL" failures="0" tests="9" name="seleniumBowserAppTests" time="28.647" errors="0" timestamp="19 Apr 2022 15:24:16 GMT">
  <testcase classname="HomePageTests" name="testBowserInfo" time="0.57"/>
  <testcase classname="HomePageTests" name="testCorrectLogin" time="2.734"/>
  <testcase classname="HomePageTests" name="testIncorrectLogin" time="0.863"/>
  <testcase classname="HomePageTests" name="testPasswordStrength" time="1.352"/>
  <testcase classname="HomePageTests" name="testPasswordsMatch" time="1.489"/>
  <testcase classname="HomePageTests" name="verifyHomePageTitle" time="0.004"/>
  <testcase classname="HomePageTests" name="verifyLogo" time="0.336"/>
  <testcase classname="OperationsPageTests" name="testNavigation" time="1.165"/>
  <testcase classname="OperationsPageTests" name="verifyHomePageTitle" time="0.004"/>
</testsuite> <!-- seleniumBowserAppTests -->
