<?xml version="1.0" encoding="UTF-8"?>
<testng-results total="9" passed="9" failed="0" skipped="0">
  <reporter-output>
  </reporter-output>
  <suite started-at="2022-04-19T15:23:47Z" name="Default Suite" finished-at="2022-04-19T15:24:16Z" duration-ms="28647">
    <groups>
    </groups>
    <test started-at="2022-04-19T15:23:47Z" name="seleniumBowserAppTests" finished-at="2022-04-19T15:24:16Z" duration-ms="28647">
      <class name="HomePageTests">
        <test-method is-config="true" signature="testSetup()[pri:0, instance:HomePageTests@27d415d9]" started-at="2022-04-19T16:23:47Z" name="testSetup" finished-at="2022-04-19T16:23:52Z" duration-ms="4313" status="PASS">
          <reporter-output>
          </reporter-output>
        </test-method> <!-- testSetup -->
        <test-method is-config="true" signature="openBrowser()[pri:0, instance:HomePageTests@27d415d9]" started-at="2022-04-19T16:23:52Z" name="openBrowser" finished-at="2022-04-19T16:23:53Z" duration-ms="1441" status="PASS">
          <reporter-output>
          </reporter-output>
        </test-method> <!-- openBrowser -->
        <test-method signature="testBowserInfo()[pri:0, instance:HomePageTests@27d415d9]" started-at="2022-04-19T16:23:53Z" name="testBowserInfo" finished-at="2022-04-19T16:23:54Z" duration-ms="570" status="PASS">
          <reporter-output>
          </reporter-output>
        </test-method> <!-- testBowserInfo -->
        <test-method is-config="true" signature="openBrowser()[pri:0, instance:HomePageTests@27d415d9]" started-at="2022-04-19T16:23:54Z" name="openBrowser" finished-at="2022-04-19T16:23:54Z" duration-ms="651" status="PASS">
          <reporter-output>
          </reporter-output>
        </test-method> <!-- openBrowser -->
        <test-method signature="testCorrectLogin()[pri:0, instance:HomePageTests@27d415d9]" started-at="2022-04-19T16:23:54Z" name="testCorrectLogin" finished-at="2022-04-19T16:23:57Z" duration-ms="2734" status="PASS">
          <reporter-output>
          </reporter-output>
        </test-method> <!-- testCorrectLogin -->
        <test-method is-config="true" signature="openBrowser()[pri:0, instance:HomePageTests@27d415d9]" started-at="2022-04-19T16:23:57Z" name="openBrowser" finished-at="2022-04-19T16:23:58Z" duration-ms="918" status="PASS">
          <reporter-output>
          </reporter-output>
        </test-method> <!-- openBrowser -->
        <test-method signature="testIncorrectLogin()[pri:0, instance:HomePageTests@27d415d9]" started-at="2022-04-19T16:23:58Z" name="testIncorrectLogin" finished-at="2022-04-19T16:23:59Z" duration-ms="863" status="PASS">
          <reporter-output>
          </reporter-output>
        </test-method> <!-- testIncorrectLogin -->
        <test-method is-config="true" signature="openBrowser()[pri:0, instance:HomePageTests@27d415d9]" started-at="2022-04-19T16:23:59Z" name="openBrowser" finished-at="2022-04-19T16:23:59Z" duration-ms="619" status="PASS">
          <reporter-output>
          </reporter-output>
        </test-method> <!-- openBrowser -->
        <test-method signature="testPasswordStrength()[pri:0, instance:HomePageTests@27d415d9]" started-at="2022-04-19T16:23:59Z" name="testPasswordStrength" finished-at="2022-04-19T16:24:01Z" duration-ms="1352" status="PASS">
          <reporter-output>
          </reporter-output>
        </test-method> <!-- testPasswordStrength -->
        <test-method is-config="true" signature="openBrowser()[pri:0, instance:HomePageTests@27d415d9]" started-at="2022-04-19T16:24:01Z" name="openBrowser" finished-at="2022-04-19T16:24:01Z" duration-ms="641" status="PASS">
          <reporter-output>
          </reporter-output>
        </test-method> <!-- openBrowser -->
        <test-method signature="testPasswordsMatch()[pri:0, instance:HomePageTests@27d415d9]" started-at="2022-04-19T16:24:01Z" name="testPasswordsMatch" finished-at="2022-04-19T16:24:03Z" duration-ms="1489" status="PASS">
          <reporter-output>
          </reporter-output>
        </test-method> <!-- testPasswordsMatch -->
        <test-method is-config="true" signature="openBrowser()[pri:0, instance:HomePageTests@27d415d9]" started-at="2022-04-19T16:24:03Z" name="openBrowser" finished-at="2022-04-19T16:24:03Z" duration-ms="551" status="PASS">
          <reporter-output>
          </reporter-output>
        </test-method> <!-- openBrowser -->
        <test-method signature="verifyHomePageTitle()[pri:0, instance:HomePageTests@27d415d9]" started-at="2022-04-19T16:24:03Z" name="verifyHomePageTitle" finished-at="2022-04-19T16:24:03Z" duration-ms="4" status="PASS">
          <reporter-output>
          </reporter-output>
        </test-method> <!-- verifyHomePageTitle -->
        <test-method is-config="true" signature="openBrowser()[pri:0, instance:HomePageTests@27d415d9]" started-at="2022-04-19T16:24:03Z" name="openBrowser" finished-at="2022-04-19T16:24:04Z" duration-ms="542" status="PASS">
          <reporter-output>
          </reporter-output>
        </test-method> <!-- openBrowser -->
        <test-method signature="verifyLogo()[pri:0, instance:HomePageTests@27d415d9]" started-at="2022-04-19T16:24:04Z" name="verifyLogo" finished-at="2022-04-19T16:24:04Z" duration-ms="336" status="PASS">
          <reporter-output>
          </reporter-output>
        </test-method> <!-- verifyLogo -->
        <test-method is-config="true" signature="afterClass()[pri:0, instance:HomePageTests@27d415d9]" started-at="2022-04-19T16:24:04Z" name="afterClass" finished-at="2022-04-19T16:24:06Z" duration-ms="1721" status="PASS">
          <reporter-output>
          </reporter-output>
        </test-method> <!-- afterClass -->
      </class> <!-- HomePageTests -->
      <class name="OperationsPageTests">
        <test-method is-config="true" signature="testSetup()[pri:0, instance:OperationsPageTests@706a04ae]" started-at="2022-04-19T16:24:06Z" name="testSetup" finished-at="2022-04-19T16:24:10Z" duration-ms="4273" status="PASS">
          <reporter-output>
          </reporter-output>
        </test-method> <!-- testSetup -->
        <test-method is-config="true" signature="openBrowser()[pri:0, instance:OperationsPageTests@706a04ae]" started-at="2022-04-19T16:24:10Z" name="openBrowser" finished-at="2022-04-19T16:24:12Z" duration-ms="1795" status="PASS">
          <reporter-output>
          </reporter-output>
        </test-method> <!-- openBrowser -->
        <test-method signature="testNavigation()[pri:0, instance:OperationsPageTests@706a04ae]" started-at="2022-04-19T16:24:12Z" name="testNavigation" finished-at="2022-04-19T16:24:13Z" duration-ms="1165" status="PASS">
          <reporter-output>
          </reporter-output>
        </test-method> <!-- testNavigation -->
        <test-method is-config="true" signature="openBrowser()[pri:0, instance:OperationsPageTests@706a04ae]" started-at="2022-04-19T16:24:13Z" name="openBrowser" finished-at="2022-04-19T16:24:14Z" duration-ms="870" status="PASS">
          <reporter-output>
          </reporter-output>
        </test-method> <!-- openBrowser -->
        <test-method signature="verifyHomePageTitle()[pri:0, instance:OperationsPageTests@706a04ae]" started-at="2022-04-19T16:24:14Z" name="verifyHomePageTitle" finished-at="2022-04-19T16:24:14Z" duration-ms="4" status="PASS">
          <reporter-output>
          </reporter-output>
        </test-method> <!-- verifyHomePageTitle -->
        <test-method is-config="true" signature="afterClass()[pri:0, instance:OperationsPageTests@706a04ae]" started-at="2022-04-19T16:24:14Z" name="afterClass" finished-at="2022-04-19T16:24:16Z" duration-ms="1774" status="PASS">
          <reporter-output>
          </reporter-output>
        </test-method> <!-- afterClass -->
      </class> <!-- OperationsPageTests -->
    </test> <!-- seleniumBowserAppTests -->
  </suite> <!-- Default Suite -->
</testng-results>
