<?xml version="1.0" encoding="UTF-8"?>
<testng-results total="5" passed="4" failed="1" skipped="0">
  <reporter-output>
  </reporter-output>
  <suite started-at="2022-04-19T13:25:44Z" name="Default Suite" finished-at="2022-04-19T13:26:06Z" duration-ms="21568">
    <groups>
    </groups>
    <test started-at="2022-04-19T13:25:44Z" name="seleniumBowserAppTests" finished-at="2022-04-19T13:26:06Z" duration-ms="21568">
      <class name="HomePageTests">
        <test-method is-config="true" signature="testSetup()[pri:0, instance:HomePageTests@10dba097]" started-at="2022-04-19T14:25:44Z" name="testSetup" finished-at="2022-04-19T14:25:48Z" duration-ms="3683" status="PASS">
          <reporter-output>
          </reporter-output>
        </test-method> <!-- testSetup -->
        <test-method is-config="true" signature="openBrowser()[pri:0, instance:HomePageTests@10dba097]" started-at="2022-04-19T14:25:48Z" name="openBrowser" finished-at="2022-04-19T14:25:49Z" duration-ms="1379" status="PASS">
          <reporter-output>
          </reporter-output>
        </test-method> <!-- openBrowser -->
        <test-method signature="testBowserInfo()[pri:0, instance:HomePageTests@10dba097]" started-at="2022-04-19T14:25:49Z" name="testBowserInfo" finished-at="2022-04-19T14:25:50Z" duration-ms="439" status="PASS">
          <reporter-output>
          </reporter-output>
        </test-method> <!-- testBowserInfo -->
        <test-method is-config="true" signature="openBrowser()[pri:0, instance:HomePageTests@10dba097]" started-at="2022-04-19T14:25:50Z" name="openBrowser" finished-at="2022-04-19T14:25:50Z" duration-ms="508" status="PASS">
          <reporter-output>
          </reporter-output>
        </test-method> <!-- openBrowser -->
        <test-method signature="testCorrectLogin()[pri:0, instance:HomePageTests@10dba097]" started-at="2022-04-19T14:25:50Z" name="testCorrectLogin" finished-at="2022-04-19T14:25:52Z" duration-ms="1447" status="PASS">
          <reporter-output>
          </reporter-output>
        </test-method> <!-- testCorrectLogin -->
        <test-method is-config="true" signature="openBrowser()[pri:0, instance:HomePageTests@10dba097]" started-at="2022-04-19T14:25:52Z" name="openBrowser" finished-at="2022-04-19T14:25:52Z" duration-ms="357" status="PASS">
          <reporter-output>
          </reporter-output>
        </test-method> <!-- openBrowser -->
        <test-method signature="testIncorrectLogin()[pri:0, instance:HomePageTests@10dba097]" started-at="2022-04-19T14:25:52Z" name="testIncorrectLogin" finished-at="2022-04-19T14:26:03Z" duration-ms="10568" status="FAIL">
          <exception class="org.openqa.selenium.NoSuchElementException">
            <message>
              <![CDATA[Unable to locate element: #logoutTab
For documentation on this error, please visit: https://www.seleniumhq.org/exceptions/no_such_element.html
Build info: version: '3.141.59', revision: 'e82be7d358', time: '2018-11-14T08:17:03'
System info: host: 'LAPTOP-T7TGHABL', ip: '192.168.1.165', os.name: 'Windows 10', os.arch: 'amd64', os.version: '10.0', java.version: '17'
Driver info: org.openqa.selenium.firefox.FirefoxDriver
Capabilities {acceptInsecureCerts: true, browserName: firefox, browserVersion: 99.0.1, javascriptEnabled: true, moz:accessibilityChecks: false, moz:buildID: 20220411174855, moz:geckodriverVersion: 0.31.0, moz:headless: false, moz:processID: 20852, moz:profile: C:\Users\nathh\AppData\Loca..., moz:shutdownTimeout: 60000, moz:useNonSpecCompliantPointerOrigin: false, moz:webdriverClick: true, pageLoadStrategy: normal, platform: WINDOWS, platformName: WINDOWS, platformVersion: 10.0, proxy: Proxy(), setWindowRect: true, strictFileInteractability: false, timeouts: {implicit: 0, pageLoad: 300000, script: 30000}, unhandledPromptBehavior: dismiss and notify}
Session ID: 3b40c344-a92c-4338-8069-381f5970efb7
*** Element info: {Using=id, value=logoutTab}]]>
            </message>
            <full-stacktrace>
              <![CDATA[org.openqa.selenium.NoSuchElementException: Unable to locate element: #logoutTab
For documentation on this error, please visit: https://www.seleniumhq.org/exceptions/no_such_element.html
Build info: version: '3.141.59', revision: 'e82be7d358', time: '2018-11-14T08:17:03'
System info: host: 'LAPTOP-T7TGHABL', ip: '192.168.1.165', os.name: 'Windows 10', os.arch: 'amd64', os.version: '10.0', java.version: '17'
Driver info: org.openqa.selenium.firefox.FirefoxDriver
Capabilities {acceptInsecureCerts: true, browserName: firefox, browserVersion: 99.0.1, javascriptEnabled: true, moz:accessibilityChecks: false, moz:buildID: 20220411174855, moz:geckodriverVersion: 0.31.0, moz:headless: false, moz:processID: 20852, moz:profile: C:\Users\nathh\AppData\Loca..., moz:shutdownTimeout: 60000, moz:useNonSpecCompliantPointerOrigin: false, moz:webdriverClick: true, pageLoadStrategy: normal, platform: WINDOWS, platformName: WINDOWS, platformVersion: 10.0, proxy: Proxy(), setWindowRect: true, strictFileInteractability: false, timeouts: {implicit: 0, pageLoad: 300000, script: 30000}, unhandledPromptBehavior: dismiss and notify}
Session ID: 3b40c344-a92c-4338-8069-381f5970efb7
*** Element info: {Using=id, value=logoutTab}
	at java.base/jdk.internal.reflect.NativeConstructorAccessorImpl.newInstance0(Native Method)
	at java.base/jdk.internal.reflect.NativeConstructorAccessorImpl.newInstance(NativeConstructorAccessorImpl.java:77)
	at java.base/jdk.internal.reflect.DelegatingConstructorAccessorImpl.newInstance(DelegatingConstructorAccessorImpl.java:45)
	at java.base/java.lang.reflect.Constructor.newInstanceWithCaller(Constructor.java:499)
	at java.base/java.lang.reflect.Constructor.newInstance(Constructor.java:480)
	at org.openqa.selenium.remote.http.W3CHttpResponseCodec.createException(W3CHttpResponseCodec.java:187)
	at org.openqa.selenium.remote.http.W3CHttpResponseCodec.decode(W3CHttpResponseCodec.java:122)
	at org.openqa.selenium.remote.http.W3CHttpResponseCodec.decode(W3CHttpResponseCodec.java:49)
	at org.openqa.selenium.remote.HttpCommandExecutor.execute(HttpCommandExecutor.java:158)
	at org.openqa.selenium.remote.service.DriverCommandExecutor.execute(DriverCommandExecutor.java:83)
	at org.openqa.selenium.remote.RemoteWebDriver.execute(RemoteWebDriver.java:552)
	at org.openqa.selenium.remote.RemoteWebDriver.findElement(RemoteWebDriver.java:323)
	at org.openqa.selenium.remote.RemoteWebDriver.findElementById(RemoteWebDriver.java:372)
	at org.openqa.selenium.By$ById.findElement(By.java:188)
	at org.openqa.selenium.remote.RemoteWebDriver.findElement(RemoteWebDriver.java:315)
	at HomePageTests.logout(HomePageTests.java:82)
	at HomePageTests.testIncorrectLogin(HomePageTests.java:127)
	at java.base/jdk.internal.reflect.NativeMethodAccessorImpl.invoke0(Native Method)
	at java.base/jdk.internal.reflect.NativeMethodAccessorImpl.invoke(NativeMethodAccessorImpl.java:77)
	at java.base/jdk.internal.reflect.DelegatingMethodAccessorImpl.invoke(DelegatingMethodAccessorImpl.java:43)
	at java.base/java.lang.reflect.Method.invoke(Method.java:568)
	at org.testng.internal.MethodInvocationHelper.invokeMethod(MethodInvocationHelper.java:80)
	at org.testng.internal.Invoker.invokeMethod(Invoker.java:714)
	at org.testng.internal.Invoker.invokeTestMethod(Invoker.java:901)
	at org.testng.internal.Invoker.invokeTestMethods(Invoker.java:1231)
	at org.testng.internal.TestMethodWorker.invokeTestMethods(TestMethodWorker.java:127)
	at org.testng.internal.TestMethodWorker.run(TestMethodWorker.java:111)
	at org.testng.TestRunner.privateRun(TestRunner.java:767)
	at org.testng.TestRunner.run(TestRunner.java:617)
	at org.testng.SuiteRunner.runTest(SuiteRunner.java:334)
	at org.testng.SuiteRunner.runSequentially(SuiteRunner.java:329)
	at org.testng.SuiteRunner.privateRun(SuiteRunner.java:291)
	at org.testng.SuiteRunner.run(SuiteRunner.java:240)
	at org.testng.SuiteRunnerWorker.runSuite(SuiteRunnerWorker.java:52)
	at org.testng.SuiteRunnerWorker.run(SuiteRunnerWorker.java:86)
	at org.testng.TestNG.runSuitesSequentially(TestNG.java:1198)
	at org.testng.TestNG.runSuitesLocally(TestNG.java:1123)
	at org.testng.TestNG.run(TestNG.java:1031)
	at com.intellij.rt.testng.IDEARemoteTestNG.run(IDEARemoteTestNG.java:66)
	at com.intellij.rt.testng.RemoteTestNGStarter.main(RemoteTestNGStarter.java:109)
]]>
            </full-stacktrace>
          </exception> <!-- org.openqa.selenium.NoSuchElementException -->
          <reporter-output>
          </reporter-output>
        </test-method> <!-- testIncorrectLogin -->
        <test-method is-config="true" signature="openBrowser()[pri:0, instance:HomePageTests@10dba097]" started-at="2022-04-19T14:26:03Z" name="openBrowser" finished-at="2022-04-19T14:26:03Z" duration-ms="643" status="PASS">
          <reporter-output>
          </reporter-output>
        </test-method> <!-- openBrowser -->
        <test-method signature="verifyHomePageTitle()[pri:0, instance:HomePageTests@10dba097]" started-at="2022-04-19T14:26:03Z" name="verifyHomePageTitle" finished-at="2022-04-19T14:26:03Z" duration-ms="4" status="PASS">
          <reporter-output>
          </reporter-output>
        </test-method> <!-- verifyHomePageTitle -->
        <test-method is-config="true" signature="openBrowser()[pri:0, instance:HomePageTests@10dba097]" started-at="2022-04-19T14:26:03Z" name="openBrowser" finished-at="2022-04-19T14:26:04Z" duration-ms="626" status="PASS">
          <reporter-output>
          </reporter-output>
        </test-method> <!-- openBrowser -->
        <test-method signature="verifyLogo()[pri:0, instance:HomePageTests@10dba097]" started-at="2022-04-19T14:26:04Z" name="verifyLogo" finished-at="2022-04-19T14:26:04Z" duration-ms="343" status="PASS">
          <reporter-output>
          </reporter-output>
        </test-method> <!-- verifyLogo -->
        <test-method is-config="true" signature="afterClass()[pri:0, instance:HomePageTests@10dba097]" started-at="2022-04-19T14:26:04Z" name="afterClass" finished-at="2022-04-19T14:26:06Z" duration-ms="1542" status="PASS">
          <reporter-output>
          </reporter-output>
        </test-method> <!-- afterClass -->
      </class> <!-- HomePageTests -->
    </test> <!-- seleniumBowserAppTests -->
  </suite> <!-- Default Suite -->
</testng-results>
